<?xml version="1.0" encoding="UTF-8"?>
<testng-results skipped="0" failed="0" total="2" passed="2">
  <reporter-output>
    <line>
      <![CDATA[Application opened]]>
    </line>
    <line>
      <![CDATA[Application opened]]>
    </line>
    <line>
      <![CDATA[Application opened]]>
    </line>
    <line>
      <![CDATA[Application opened]]>
    </line>
  </reporter-output>
  <suite name="Default suite" duration-ms="70811" started-at="2020-02-06T19:09:30Z" finished-at="2020-02-06T19:10:41Z">
    <groups>
    </groups>
    <test name="Default test" duration-ms="70811" started-at="2020-02-06T19:09:30Z" finished-at="2020-02-06T19:10:41Z">
      <class name="com.bank.testscripts.TC001">
        <test-method status="PASS" signature="testng()[pri:0, instance:com.bank.testscripts.TC001@4e04a765]" name="testng" duration-ms="34081" started-at="2020-02-07T00:39:30Z" finished-at="2020-02-07T00:40:05Z">
          <reporter-output>
            <line>
              <![CDATA[Application opened]]>
            </line>
            <line>
              <![CDATA[Application opened]]>
            </line>
          </reporter-output>
        </test-method> <!-- testng -->
      </class> <!-- com.bank.testscripts.TC001 -->
      <class name="com.bank.testscripts.TC002">
        <test-method status="PASS" signature="tc001()[pri:0, instance:com.bank.testscripts.TC002@735f7ae5]" name="tc001" duration-ms="36678" started-at="2020-02-07T00:40:05Z" finished-at="2020-02-07T00:40:41Z">
          <reporter-output>
            <line>
              <![CDATA[Application opened]]>
            </line>
            <line>
              <![CDATA[Application opened]]>
            </line>
          </reporter-output>
        </test-method> <!-- tc001 -->
      </class> <!-- com.bank.testscripts.TC002 -->
    </test> <!-- Default test -->
  </suite> <!-- Default suite -->
</testng-results>
